<?xml version="1.0" encoding="UTF-8"?>
<robot generator="Robot 3.0.4 (Python 3.7.1rc2 on win32)" generated="20181018 12:35:23.982">
<suite id="s1" name="Tests" source="D:\ownCloud\Projects\RobotFramework Generator\rbfgenerator\MyProject\Tests">
<suite id="s1-s1" name="Suites" source="D:\ownCloud\Projects\RobotFramework Generator\rbfgenerator\MyProject\Tests\Suites">
<suite id="s1-s1-s1" name="Login" source="D:\ownCloud\Projects\RobotFramework Generator\rbfgenerator\MyProject\Tests\Suites\Login">
<suite id="s1-s1-s1-s1" name="Login" source="D:\ownCloud\Projects\RobotFramework Generator\rbfgenerator\MyProject\Tests\Suites\Login\Login.robot">
<test id="s1-s1-s1-s1-t1" name="TC_1_1 User Could Not Login To Webview When Email Is Empty">
<kw name="User Navigates To Webview" library="Base_Test" type="setup">
<kw name="User Open Browser And Go To Webview" library="Utils">
<arguments>
<arg>${LOGIN_URL}</arg>
</arguments>
<kw name="Setup Browser" library="Utils">
<kw name="Run Keyword And Return Status" library="BuiltIn">
<doc>Runs the given keyword with given arguments and returns the status as a Boolean value.</doc>
<arguments>
<arg>Variable Should Exist</arg>
<arg>${BROWSER_DRIVER_PATH}</arg>
</arguments>
<assign>
<var>${existed_var}</var>
</assign>
<kw name="Variable Should Exist" library="BuiltIn">
<doc>Fails unless the given variable exists within the current scope.</doc>
<arguments>
<arg>${BROWSER_DRIVER_PATH}</arg>
</arguments>
<msg timestamp="20181018 12:35:24.667" level="FAIL">Variable ${BROWSER_DRIVER_PATH} does not exist.</msg>
<status status="FAIL" starttime="20181018 12:35:24.666" endtime="20181018 12:35:24.667"></status>
</kw>
<msg timestamp="20181018 12:35:24.667" level="INFO">${existed_var} = False</msg>
<status status="PASS" starttime="20181018 12:35:24.666" endtime="20181018 12:35:24.667"></status>
</kw>
<kw name="Run Keyword If" library="BuiltIn">
<doc>Runs the given keyword with the given arguments, if ``condition`` is true.</doc>
<arguments>
<arg>${existed_var}</arg>
<arg>Setup Browser Driver</arg>
<arg>${BROWSER}</arg>
<arg>${BROWSER_DRIVER_PATH}</arg>
<arg>ELSE</arg>
<arg>Setup Browser Driver</arg>
<arg>${BROWSER}</arg>
</arguments>
<kw name="Setup Browser Driver" library="MyCustomizedLibrary">
<doc>Create instance of selenium webdriver base on driver type</doc>
<arguments>
<arg>${BROWSER}</arg>
</arguments>
<kw name="Capture Page Screenshot" library="MyCustomizedLibrary">
<doc>Takes screenshot of the current page and embeds it into log file.</doc>
<msg timestamp="20181018 12:35:24.670" level="INFO">Cannot capture screenshot because no browser is open.</msg>
<status status="PASS" starttime="20181018 12:35:24.669" endtime="20181018 12:35:24.670"></status>
</kw>
<msg timestamp="20181018 12:35:24.766" level="FAIL">WebDriverException: Message: 'chromedriver.exe' executable needs to be in PATH. Please see https://sites.google.com/a/chromium.org/chromedriver/home
</msg>
<status status="FAIL" starttime="20181018 12:35:24.668" endtime="20181018 12:35:24.766"></status>
</kw>
<status status="FAIL" starttime="20181018 12:35:24.667" endtime="20181018 12:35:24.766"></status>
</kw>
<status status="FAIL" starttime="20181018 12:35:24.666" endtime="20181018 12:35:24.767"></status>
</kw>
<status status="FAIL" starttime="20181018 12:35:24.666" endtime="20181018 12:35:24.767"></status>
</kw>
<status status="FAIL" starttime="20181018 12:35:24.665" endtime="20181018 12:35:24.767"></status>
</kw>
<kw name="Close Browser" library="MyCustomizedLibrary" type="teardown">
<doc>Closes the current browser.</doc>
<status status="PASS" starttime="20181018 12:35:24.767" endtime="20181018 12:35:24.767"></status>
</kw>
<tags>
<tag>TC_1_1</tag>
</tags>
<status status="FAIL" starttime="20181018 12:35:24.665" endtime="20181018 12:35:24.768" critical="yes">Setup failed:
WebDriverException: Message: 'chromedriver.exe' executable needs to be in PATH. Please see https://sites.google.com/a/chromium.org/chromedriver/home
</status>
</test>
<status status="FAIL" starttime="20181018 12:35:24.020" endtime="20181018 12:35:24.769"></status>
</suite>
<status status="FAIL" starttime="20181018 12:35:24.018" endtime="20181018 12:35:24.771"></status>
</suite>
<status status="FAIL" starttime="20181018 12:35:24.017" endtime="20181018 12:35:24.773"></status>
</suite>
<status status="FAIL" starttime="20181018 12:35:23.984" endtime="20181018 12:35:24.774"></status>
</suite>
<statistics>
<total>
<stat pass="0" fail="1">Critical Tests</stat>
<stat pass="0" fail="1">All Tests</stat>
</total>
<tag>
<stat pass="0" fail="1">TC_1_1</stat>
</tag>
<suite>
<stat pass="0" fail="1" id="s1" name="Tests">Tests</stat>
<stat pass="0" fail="1" id="s1-s1" name="Suites">Tests.Suites</stat>
<stat pass="0" fail="1" id="s1-s1-s1" name="Login">Tests.Suites.Login</stat>
<stat pass="0" fail="1" id="s1-s1-s1-s1" name="Login">Tests.Suites.Login.Login</stat>
</suite>
</statistics>
<errors>
</errors>
</robot>
